# JRE version: OpenJDK Runtime Environment (17.0.6) (build 17.0.6+0-17.0.6b829.9-10027231)
# Java VM: OpenJDK 64-Bit Server VM (17.0.6+0-17.0.6b829.9-10027231, mixed mode, tiered, compressed oops, compressed class ptrs, g1 gc, bsd-aarch64)
GC Precious Log:
 CPUs: 10 total, 10 available
 Memory: 16384M
 Large Page Support: Disabled
 NUMA Support: Disabled
 Compressed Oops: Enabled (Zero based)
 Heap Region Size: 1M
 Heap Min Capacity: 8M
 Heap Initial Capacity: 256M
 Heap Max Capacity: 2G
 Pre-touch: Disabled
 Parallel Workers: 9
 Concurrent Workers: 2
 Concurrent Refinement Workers: 9
 Periodic GC: Disabled
Heap:
 garbage-first heap   total 239616K, used 146401K [0x0000000780000000, 0x0000000800000000)
  region size 1024K, 17 young (17408K), 6 survivors (6144K)
 Metaspace       used 94183K, committed 94848K, reserved 1138688K
  class space    used 13197K, committed 13504K, reserved 1048576K
GC Heap History (20 events):
Event: 3.024 GC heap before
{Heap before GC invocations=28 (full 0):
 garbage-first heap   total 121856K, used 99518K [0x0000000780000000, 0x0000000800000000)
  region size 1024K, 33 young (33792K), 3 survivors (3072K)
 Metaspace       used 79327K, committed 79872K, reserved 1122304K
  class space    used 11074K, committed 11328K, reserved 1048576K
}
Event: 3.028 GC heap after
{Heap after GC invocations=29 (full 0):
 garbage-first heap   total 121856K, used 70920K [0x0000000780000000, 0x0000000800000000)
  region size 1024K, 5 young (5120K), 5 survivors (5120K)
 Metaspace       used 79327K, committed 79872K, reserved 1122304K
  class space    used 11074K, committed 11328K, reserved 1048576K
}
Event: 3.199 GC heap before
{Heap before GC invocations=30 (full 0):
 garbage-first heap   total 132096K, used 100616K [0x0000000780000000, 0x0000000800000000)
  region size 1024K, 34 young (34816K), 5 survivors (5120K)
 Metaspace       used 82537K, committed 83072K, reserved 1122304K
  class space    used 11579K, committed 11840K, reserved 1048576K
}
Event: 3.203 GC heap after
{Heap after GC invocations=31 (full 0):
 garbage-first heap   total 132096K, used 72840K [0x0000000780000000, 0x0000000800000000)
  region size 1024K, 5 young (5120K), 5 survivors (5120K)
 Metaspace       used 82537K, committed 83072K, reserved 1122304K
  class space    used 11579K, committed 11840K, reserved 1048576K
}
Event: 3.364 GC heap before
{Heap before GC invocations=31 (full 0):
 garbage-first heap   total 132096K, used 108680K [0x0000000780000000, 0x0000000800000000)
  region size 1024K, 40 young (40960K), 5 survivors (5120K)
 Metaspace       used 86008K, committed 86592K, reserved 1130496K
  class space    used 12036K, committed 12288K, reserved 1048576K
}
Event: 3.367 GC heap after
{Heap after GC invocations=32 (full 0):
 garbage-first heap   total 132096K, used 76167K [0x0000000780000000, 0x0000000800000000)
  region size 1024K, 5 young (5120K), 5 survivors (5120K)
 Metaspace       used 86008K, committed 86592K, reserved 1130496K
  class space    used 12036K, committed 12288K, reserved 1048576K
}
Event: 3.427 GC heap before
{Heap before GC invocations=33 (full 0):
 garbage-first heap   total 148480K, used 108935K [0x0000000780000000, 0x0000000800000000)
  region size 1024K, 37 young (37888K), 5 survivors (5120K)
 Metaspace       used 86058K, committed 86656K, reserved 1130496K
  class space    used 12041K, committed 12288K, reserved 1048576K
}
Event: 3.431 GC heap after
{Heap after GC invocations=34 (full 0):
 garbage-first heap   total 148480K, used 82101K [0x0000000780000000, 0x0000000800000000)
  region size 1024K, 5 young (5120K), 5 survivors (5120K)
 Metaspace       used 86058K, committed 86656K, reserved 1130496K
  class space    used 12041K, committed 12288K, reserved 1048576K
}
Event: 3.568 GC heap before
{Heap before GC invocations=34 (full 0):
 garbage-first heap   total 148480K, used 118965K [0x0000000780000000, 0x0000000800000000)
  region size 1024K, 42 young (43008K), 5 survivors (5120K)
 Metaspace       used 88673K, committed 89344K, reserved 1130496K
  class space    used 12608K, committed 12928K, reserved 1048576K
}
Event: 3.572 GC heap after
{Heap after GC invocations=35 (full 0):
 garbage-first heap   total 148480K, used 86976K [0x0000000780000000, 0x0000000800000000)
  region size 1024K, 5 young (5120K), 5 survivors (5120K)
 Metaspace       used 88673K, committed 89344K, reserved 1130496K
  class space    used 12608K, committed 12928K, reserved 1048576K
}
Event: 3.668 GC heap before
{Heap before GC invocations=36 (full 0):
 garbage-first heap   total 163840K, used 118720K [0x0000000780000000, 0x0000000800000000)
  region size 1024K, 37 young (37888K), 5 survivors (5120K)
 Metaspace       used 88956K, committed 89600K, reserved 1130496K
  class space    used 12619K, committed 12928K, reserved 1048576K
}
Event: 3.670 GC heap after
{Heap after GC invocations=37 (full 0):
 garbage-first heap   total 163840K, used 88704K [0x0000000780000000, 0x0000000800000000)
  region size 1024K, 2 young (2048K), 2 survivors (2048K)
 Metaspace       used 88956K, committed 89600K, reserved 1130496K
  class space    used 12619K, committed 12928K, reserved 1048576K
}
Event: 3.902 GC heap before
{Heap before GC invocations=37 (full 0):
 garbage-first heap   total 163840K, used 132736K [0x0000000780000000, 0x0000000800000000)
  region size 1024K, 46 young (47104K), 2 survivors (2048K)
 Metaspace       used 91222K, committed 91840K, reserved 1130496K
  class space    used 12848K, committed 13120K, reserved 1048576K
}
Event: 3.905 GC heap after
{Heap after GC invocations=38 (full 0):
 garbage-first heap   total 238592K, used 92808K [0x0000000780000000, 0x0000000800000000)
  region size 1024K, 6 young (6144K), 6 survivors (6144K)
 Metaspace       used 91222K, committed 91840K, reserved 1130496K
  class space    used 12848K, committed 13120K, reserved 1048576K
}
Event: 4.292 GC heap before
{Heap before GC invocations=39 (full 0):
 garbage-first heap   total 238592K, used 203400K [0x0000000780000000, 0x0000000800000000)
  region size 1024K, 104 young (106496K), 6 survivors (6144K)
 Metaspace       used 93757K, committed 94336K, reserved 1130496K
  class space    used 13161K, committed 13440K, reserved 1048576K
}
Event: 4.299 GC heap after
{Heap after GC invocations=40 (full 0):
 garbage-first heap   total 238592K, used 114631K [0x0000000780000000, 0x0000000800000000)
  region size 1024K, 13 young (13312K), 13 survivors (13312K)
 Metaspace       used 93757K, committed 94336K, reserved 1130496K
  class space    used 13161K, committed 13440K, reserved 1048576K
}
Event: 4.301 GC heap before
{Heap before GC invocations=40 (full 0):
 garbage-first heap   total 238592K, used 115655K [0x0000000780000000, 0x0000000800000000)
  region size 1024K, 14 young (14336K), 13 survivors (13312K)
 Metaspace       used 93757K, committed 94336K, reserved 1130496K
  class space    used 13161K, committed 13440K, reserved 1048576K
}
Event: 4.305 GC heap after
{Heap after GC invocations=41 (full 0):
 garbage-first heap   total 238592K, used 116050K [0x0000000780000000, 0x0000000800000000)
  region size 1024K, 1 young (1024K), 1 survivors (1024K)
 Metaspace       used 93757K, committed 94336K, reserved 1130496K
  class space    used 13161K, committed 13440K, reserved 1048576K
}
Event: 4.357 GC heap before
{Heap before GC invocations=41 (full 0):
 garbage-first heap   total 238592K, used 131410K [0x0000000780000000, 0x0000000800000000)
  region size 1024K, 17 young (17408K), 1 survivors (1024K)
 Metaspace       used 93830K, committed 94400K, reserved 1130496K
  class space    used 13169K, committed 13440K, reserved 1048576K
}
Event: 4.359 GC heap after
{Heap after GC invocations=42 (full 0):
 garbage-first heap   total 238592K, used 120801K [0x0000000780000000, 0x0000000800000000)
  region size 1024K, 6 young (6144K), 6 survivors (6144K)
 Metaspace       used 93830K, committed 94400K, reserved 1130496K
  class space    used 13169K, committed 13440K, reserved 1048576K
}

